{
  "RSpec": {
    "coverage": {
      "/Users/Jarvis/turing/3mod/projects/rales_engine/config/environment.rb": [
        null,
        1,
        null,
        null,
        1
      ],
      "/Users/Jarvis/turing/3mod/projects/rales_engine/config/application.rb": [
        1,
        null,
        1,
        null,
        1,
        1,
        1,
        1,
        1,
        1,
        1,
        null,
        null,
        null,
        null,
        null,
        1,
        null,
        1,
        1,
        null,
        1,
        null,
        null,
        null,
        null,
        null,
        null,
        null,
        null,
        1,
        null,
        null
      ],
      "/Users/Jarvis/turing/3mod/projects/rales_engine/config/boot.rb": [
        1,
        null,
        1
      ],
      "/Users/Jarvis/turing/3mod/projects/rales_engine/config/environments/test.rb": [
        1,
        null,
        null,
        null,
        null,
        null,
        null,
        1,
        null,
        null,
        null,
        null,
        1,
        null,
        null,
        1,
        1,
        null,
        null,
        null,
        null,
        1,
        1,
        null,
        null,
        1,
        null,
        null,
        1,
        1,
        null,
        null,
        null,
        null,
        1,
        null,
        null,
        1,
        null,
        null,
        null,
        null
      ],
      "/Users/Jarvis/turing/3mod/projects/rales_engine/config/initializers/application_controller_renderer.rb": [
        null,
        null,
        null,
        null,
        null,
        null,
        null,
        null
      ],
      "/Users/Jarvis/turing/3mod/projects/rales_engine/config/initializers/backtrace_silencers.rb": [
        null,
        null,
        null,
        null,
        null,
        null,
        null
      ],
      "/Users/Jarvis/turing/3mod/projects/rales_engine/config/initializers/cors.rb": [
        null,
        null,
        null,
        null,
        null,
        null,
        null,
        null,
        null,
        null,
        null,
        null,
        null,
        null,
        null,
        null
      ],
      "/Users/Jarvis/turing/3mod/projects/rales_engine/config/initializers/filter_parameter_logging.rb": [
        null,
        null,
        null,
        1
      ],
      "/Users/Jarvis/turing/3mod/projects/rales_engine/config/initializers/inflections.rb": [
        null,
        null,
        null,
        null,
        null,
        null,
        null,
        null,
        null,
        null,
        null,
        null,
        null,
        null,
        null,
        null
      ],
      "/Users/Jarvis/turing/3mod/projects/rales_engine/config/initializers/mime_types.rb": [
        null,
        null,
        null,
        null
      ],
      "/Users/Jarvis/turing/3mod/projects/rales_engine/config/initializers/wrap_parameters.rb": [
        null,
        null,
        null,
        null,
        null,
        null,
        1,
        2,
        null,
        null,
        null,
        null,
        null,
        null
      ],
      "/Users/Jarvis/turing/3mod/projects/rales_engine/spec/factories/customers.rb": [
        1,
        1,
        1,
        43,
        null,
        null,
        1,
        43,
        null,
        null,
        1,
        1,
        null,
        null
      ],
      "/Users/Jarvis/turing/3mod/projects/rales_engine/spec/factories/invoice_items.rb": [
        1,
        1,
        1,
        1,
        1,
        1,
        null,
        null
      ],
      "/Users/Jarvis/turing/3mod/projects/rales_engine/spec/factories/invoices.rb": [
        1,
        1,
        1,
        1,
        1,
        null,
        null
      ],
      "/Users/Jarvis/turing/3mod/projects/rales_engine/spec/factories/items.rb": [
        1,
        1,
        1,
        1,
        1,
        1,
        null,
        null
      ],
      "/Users/Jarvis/turing/3mod/projects/rales_engine/spec/factories/merchants.rb": [
        1,
        1,
        1,
        null,
        null
      ],
      "/Users/Jarvis/turing/3mod/projects/rales_engine/spec/factories/transactions.rb": [
        1,
        1,
        1,
        22,
        null,
        null,
        1,
        1,
        1,
        null,
        null
      ],
      "/Users/Jarvis/turing/3mod/projects/rales_engine/config/routes.rb": [
        1,
        null,
        1,
        1,
        1,
        1,
        1,
        1,
        1,
        1,
        1,
        null,
        null,
        1,
        1,
        1,
        null,
        null,
        1,
        1,
        1,
        null,
        null,
        1,
        1,
        1,
        null,
        null,
        1,
        1,
        1,
        null,
        null,
        1,
        1,
        1,
        1,
        1,
        null,
        null,
        null,
        1,
        1,
        1,
        1,
        null,
        null,
        null,
        1,
        1,
        null,
        null,
        1,
        1,
        1,
        1,
        null,
        null,
        1,
        1,
        1,
        1,
        1,
        1,
        null,
        null,
        1,
        1,
        1,
        null,
        null,
        1,
        1,
        1,
        1,
        null,
        null,
        null,
        null,
        null
      ],
      "/Users/Jarvis/turing/3mod/projects/rales_engine/spec/support/factory_bot.rb": [
        1,
        1,
        null,
        null
      ],
      "/Users/Jarvis/turing/3mod/projects/rales_engine/spec/requests/customers_request_spec.rb": [
        1,
        null,
        1,
        1,
        4,
        null,
        null,
        1,
        1,
        1,
        null,
        1,
        null,
        1,
        1,
        null,
        null,
        1,
        1,
        null,
        1,
        null,
        1,
        1,
        null,
        null,
        1,
        1,
        1,
        null,
        1,
        null,
        1,
        null,
        1,
        1,
        null,
        null,
        1,
        1,
        1,
        1,
        1,
        1,
        null,
        1,
        null,
        1,
        null,
        1,
        1,
        null,
        null
      ],
      "/Users/Jarvis/turing/3mod/projects/rales_engine/spec/requests/invoice_items_request_spec.rb": [
        1,
        null,
        1,
        1,
        4,
        4,
        4,
        4,
        4,
        null,
        null,
        1,
        1,
        null,
        1,
        null,
        1,
        null,
        1,
        1,
        null,
        null,
        1,
        1,
        null,
        1,
        null,
        1,
        null,
        1,
        1,
        null,
        null,
        1,
        1,
        null,
        1,
        null,
        1,
        1,
        null,
        null,
        1,
        1,
        null,
        1,
        null,
        1,
        1,
        null,
        null
      ],
      "/Users/Jarvis/turing/3mod/projects/rales_engine/spec/requests/invoices_request_spec.rb": [
        1,
        null,
        1,
        1,
        7,
        7,
        7,
        7,
        null,
        null,
        1,
        null,
        1,
        null,
        1,
        null,
        1,
        null,
        1,
        null,
        null,
        1,
        1,
        null,
        1,
        null,
        1,
        1,
        1,
        null,
        null,
        1,
        1,
        1,
        1,
        null,
        1,
        null,
        1,
        null,
        1,
        1,
        null,
        null,
        1,
        1,
        1,
        null,
        1,
        null,
        1,
        null,
        1,
        1,
        null,
        null,
        1,
        1,
        1,
        1,
        1,
        null,
        1,
        null,
        1,
        null,
        1,
        1,
        null,
        null,
        1,
        1,
        null,
        1,
        null,
        1,
        1,
        null,
        null,
        1,
        1,
        null,
        1,
        null,
        1,
        1,
        null,
        null
      ],
      "/Users/Jarvis/turing/3mod/projects/rales_engine/spec/requests/items_request_spec.rb": [
        1,
        null,
        1,
        1,
        4,
        4,
        4,
        4,
        null,
        1,
        1,
        1,
        null,
        1,
        1,
        null,
        1,
        null,
        null,
        null,
        1,
        1,
        null,
        1,
        null,
        1,
        null,
        1,
        1,
        null,
        null,
        1,
        1,
        1,
        null,
        1,
        null,
        1,
        null,
        1,
        1,
        null,
        null,
        1,
        1,
        null,
        1,
        null,
        1,
        1,
        null,
        null,
        null
      ],
      "/Users/Jarvis/turing/3mod/projects/rales_engine/spec/requests/merchants_request_spec.rb": [
        1,
        null,
        1,
        null,
        1,
        5,
        5,
        5,
        null,
        null,
        null,
        null,
        null,
        5,
        null,
        null,
        null,
        null,
        null,
        5,
        null,
        null,
        null,
        null,
        null,
        null,
        1,
        1,
        null,
        1,
        null,
        1,
        1,
        1,
        null,
        null,
        1,
        1,
        null,
        1,
        null,
        1,
        null,
        1,
        1,
        null,
        null,
        1,
        1,
        null,
        1,
        null,
        1,
        1,
        null,
        null,
        1,
        null,
        1,
        null,
        1,
        null,
        1,
        null,
        1,
        1,
        null,
        null,
        null,
        1,
        null,
        1,
        null,
        1,
        null,
        1,
        1,
        null,
        null,
        null
      ],
      "/Users/Jarvis/turing/3mod/projects/rales_engine/spec/requests/transactions_request_spec.rb": [
        1,
        null,
        1,
        1,
        3,
        3,
        3,
        null,
        null,
        1,
        1,
        null,
        1,
        null,
        1,
        1,
        1,
        null,
        null,
        1,
        1,
        null,
        1,
        null,
        1,
        null,
        1,
        1,
        null,
        null,
        1,
        1,
        null,
        1,
        null,
        1,
        null,
        1,
        1,
        null,
        null
      ],
      "/Users/Jarvis/turing/3mod/projects/rales_engine/app/models/merchant.rb": [
        1,
        1,
        1,
        1,
        null,
        1,
        1,
        null,
        null,
        1,
        1,
        null,
        null,
        1,
        null,
        null,
        null,
        null,
        null,
        0,
        null,
        null,
        1,
        null,
        null,
        null,
        null,
        null,
        2,
        null,
        null,
        1,
        null,
        null,
        null,
        null,
        null,
        2,
        null,
        null,
        1,
        2,
        null,
        null,
        null,
        2,
        null,
        null
      ],
      "/Users/Jarvis/turing/3mod/projects/rales_engine/app/models/application_record.rb": [
        1,
        1,
        1,
        null
      ],
      "/Users/Jarvis/turing/3mod/projects/rales_engine/app/models/customer.rb": [
        1,
        1,
        1,
        null,
        1,
        0,
        null,
        null,
        1,
        0,
        null,
        null,
        1,
        null,
        null,
        null,
        null,
        null,
        0,
        null,
        null
      ],
      "/Users/Jarvis/turing/3mod/projects/rales_engine/app/models/invoice.rb": [
        1,
        1,
        1,
        1,
        1,
        1,
        null,
        1,
        0,
        null,
        null,
        1,
        0,
        null,
        null,
        1,
        null,
        null,
        null,
        null,
        null,
        0,
        null,
        null
      ],
      "/Users/Jarvis/turing/3mod/projects/rales_engine/app/models/item.rb": [
        1,
        1,
        1,
        1,
        null,
        1,
        0,
        null,
        null,
        1,
        0,
        null,
        null,
        1,
        null,
        null,
        null,
        null,
        null,
        0,
        null,
        null,
        1,
        null,
        null,
        null,
        null,
        null,
        0,
        null,
        null,
        1,
        null,
        null,
        null,
        null,
        null,
        null,
        0,
        null,
        null
      ],
      "/Users/Jarvis/turing/3mod/projects/rales_engine/app/models/invoice_item.rb": [
        1,
        1,
        1,
        1,
        null,
        1,
        0,
        null,
        null,
        1,
        0,
        null,
        null
      ],
      "/Users/Jarvis/turing/3mod/projects/rales_engine/app/models/transaction.rb": [
        1,
        1,
        null,
        5,
        1,
        null,
        38,
        null,
        1,
        0,
        null,
        null,
        1,
        0,
        null,
        null
      ],
      "/Users/Jarvis/turing/3mod/projects/rales_engine/app/controllers/api/v1/merchants/most_revenue_controller.rb": [
        1,
        1,
        2,
        null,
        null,
        1,
        null,
        1,
        2,
        null,
        null
      ],
      "/Users/Jarvis/turing/3mod/projects/rales_engine/app/controllers/application_controller.rb": [
        1,
        null
      ],
      "/Users/Jarvis/turing/3mod/projects/rales_engine/app/serializers/merchant_serializer.rb": [
        1,
        1,
        null
      ],
      "/Users/Jarvis/turing/3mod/projects/rales_engine/app/controllers/api/v1/merchants/most_items_controller.rb": [
        1,
        1,
        2,
        null,
        null,
        1,
        null,
        1,
        2,
        null,
        null
      ],
      "/Users/Jarvis/turing/3mod/projects/rales_engine/app/controllers/api/v1/merchants/favorite_customer_controller.rb": [
        1,
        1,
        2,
        null,
        null,
        1,
        null,
        1,
        2,
        null,
        null
      ],
      "/Users/Jarvis/turing/3mod/projects/rales_engine/app/serializers/customer_serializer.rb": [
        1,
        1,
        null
      ],
      "/Users/Jarvis/turing/3mod/projects/rales_engine/app/controllers/api/v1/customers_controller.rb": [
        1,
        1,
        1,
        null,
        null,
        1,
        1,
        null,
        null
      ],
      "/Users/Jarvis/turing/3mod/projects/rales_engine/app/controllers/api/v1/customers/invoices_controller.rb": [
        1,
        null,
        1,
        1,
        1,
        null,
        null,
        null
      ],
      "/Users/Jarvis/turing/3mod/projects/rales_engine/app/serializers/invoice_serializer.rb": [
        1,
        1,
        null
      ],
      "/Users/Jarvis/turing/3mod/projects/rales_engine/app/controllers/api/v1/customers/transactions_controller.rb": [
        1,
        null,
        1,
        1,
        1,
        null,
        null,
        null
      ],
      "/Users/Jarvis/turing/3mod/projects/rales_engine/app/serializers/transaction_serializer.rb": [
        1,
        1,
        null
      ],
      "/Users/Jarvis/turing/3mod/projects/rales_engine/app/controllers/api/v1/invoice_items_controller.rb": [
        1,
        null,
        1,
        1,
        null,
        null,
        1,
        1,
        null,
        null
      ],
      "/Users/Jarvis/turing/3mod/projects/rales_engine/app/serializers/invoice_item_serializer.rb": [
        1,
        1,
        null,
        1,
        14,
        null,
        null
      ],
      "/Users/Jarvis/turing/3mod/projects/rales_engine/app/controllers/api/v1/invoice_items/invoices_controller.rb": [
        1,
        null,
        1,
        1,
        1,
        null,
        null,
        null
      ],
      "/Users/Jarvis/turing/3mod/projects/rales_engine/app/controllers/api/v1/invoice_items/items_controller.rb": [
        1,
        null,
        1,
        1,
        1,
        null,
        null,
        null
      ],
      "/Users/Jarvis/turing/3mod/projects/rales_engine/app/serializers/item_serializer.rb": [
        1,
        1,
        null,
        1,
        8,
        null,
        null,
        null
      ],
      "/Users/Jarvis/turing/3mod/projects/rales_engine/app/controllers/api/v1/invoices_controller.rb": [
        1,
        null,
        1,
        1,
        1,
        null,
        null,
        1,
        1,
        null,
        null
      ],
      "/Users/Jarvis/turing/3mod/projects/rales_engine/app/controllers/api/v1/invoices/transactions_controller.rb": [
        1,
        null,
        1,
        1,
        1,
        null,
        null
      ],
      "/Users/Jarvis/turing/3mod/projects/rales_engine/app/controllers/api/v1/invoices/invoice_items_controller.rb": [
        1,
        null,
        1,
        1,
        1,
        null,
        null,
        null
      ],
      "/Users/Jarvis/turing/3mod/projects/rales_engine/app/controllers/api/v1/invoices/items_controller.rb": [
        1,
        null,
        1,
        1,
        1,
        null,
        null,
        null
      ],
      "/Users/Jarvis/turing/3mod/projects/rales_engine/app/controllers/api/v1/invoices/customers_controller.rb": [
        1,
        1,
        1,
        1,
        null,
        null
      ],
      "/Users/Jarvis/turing/3mod/projects/rales_engine/app/controllers/api/v1/invoices/merchants_controller.rb": [
        1,
        null,
        1,
        1,
        1,
        null,
        null,
        null
      ],
      "/Users/Jarvis/turing/3mod/projects/rales_engine/app/controllers/api/v1/items_controller.rb": [
        1,
        null,
        1,
        1,
        null,
        null,
        1,
        1,
        null,
        null
      ],
      "/Users/Jarvis/turing/3mod/projects/rales_engine/app/controllers/api/v1/items/invoice_items_controller.rb": [
        1,
        1,
        1,
        1,
        null,
        null
      ],
      "/Users/Jarvis/turing/3mod/projects/rales_engine/app/controllers/api/v1/items/merchants_controller.rb": [
        1,
        1,
        1,
        1,
        null,
        null
      ],
      "/Users/Jarvis/turing/3mod/projects/rales_engine/app/controllers/api/v1/merchants_controller.rb": [
        1,
        1,
        1,
        null,
        null,
        1,
        1,
        null,
        null
      ],
      "/Users/Jarvis/turing/3mod/projects/rales_engine/app/controllers/api/v1/merchants/find_controller.rb": [
        1,
        1,
        1,
        null,
        null,
        1,
        null,
        1,
        1,
        null,
        null
      ],
      "/Users/Jarvis/turing/3mod/projects/rales_engine/app/controllers/api/v1/merchants/find_all_controller.rb": [
        1,
        1,
        1,
        null,
        null,
        1,
        null,
        1,
        1,
        null,
        null
      ],
      "/Users/Jarvis/turing/3mod/projects/rales_engine/app/controllers/api/v1/merchants/items_controller.rb": [
        1,
        1,
        1,
        1,
        null,
        null
      ],
      "/Users/Jarvis/turing/3mod/projects/rales_engine/app/controllers/api/v1/transactions_controller.rb": [
        1,
        1,
        1,
        null,
        null,
        1,
        1,
        null,
        null
      ],
      "/Users/Jarvis/turing/3mod/projects/rales_engine/app/controllers/api/v1/transactions/invoice_controller.rb": [
        1,
        1,
        1,
        1,
        null,
        null,
        1,
        null,
        1,
        1,
        null,
        null
      ]
    },
    "timestamp": 1512089423
  }
}
