{
  "RSpec": {
    "coverage": {
      "/Users/aaronschreck/turing/3mod/projects/rales_engine/app/models/merchant.rb": [
        1,
        1,
        1,
        1,
        null,
        1,
        2,
        null,
        null,
        1,
        2,
        null,
        null,
        1,
        null,
        null,
        null,
        null,
        null,
        0,
        null,
        null,
        1,
        null,
        null,
        null,
        null,
        null,
        2,
        null,
        null,
        1,
        null,
        null,
        null,
        null,
        null,
        2,
        null,
        null,
        1,
        2,
        null,
        null,
        null,
        2,
        null,
        null
      ],
      "/Users/aaronschreck/turing/3mod/projects/rales_engine/app/models/application_record.rb": [
        1,
        1,
        1,
        null
      ],
      "/Users/aaronschreck/turing/3mod/projects/rales_engine/app/models/customer.rb": [
        1,
        1,
        1,
        null,
        1,
        0,
        null,
        null,
        1,
        0,
        null,
        null,
        1,
        0,
        null,
        null,
        null,
        0,
        null,
        null
      ],
      "/Users/aaronschreck/turing/3mod/projects/rales_engine/app/models/invoice.rb": [
        1,
        1,
        1,
        1,
        1,
        1,
        null,
        1,
        0,
        null,
        null,
        1,
        0,
        null,
        null,
        1,
        null,
        null,
        null,
        null,
        null,
        0,
        null,
        null
      ],
      "/Users/aaronschreck/turing/3mod/projects/rales_engine/app/models/item.rb": [
        1,
        1,
        1,
        1,
        null,
        1,
        1,
        null,
        null,
        1,
        0,
        null,
        null,
        1,
        null,
        null,
        null,
        null,
        null,
        0,
        null,
        null,
        1,
        null,
        null,
        null,
        null,
        null,
        0,
        null,
        null,
        1,
        null,
        null,
        null,
        null,
        null,
        null,
        0,
        null,
        null
      ],
      "/Users/aaronschreck/turing/3mod/projects/rales_engine/app/models/invoice_item.rb": [
        1,
        1,
        1,
        1,
        null,
        1,
        0,
        null,
        null,
        1,
        0,
        null,
        null
      ],
      "/Users/aaronschreck/turing/3mod/projects/rales_engine/app/models/transaction.rb": [
        1,
        1,
        null,
        5,
        1,
        null,
        42,
        null,
        1,
        1,
        null,
        null,
        1,
        1,
        null,
        null
      ],
      "/Users/aaronschreck/turing/3mod/projects/rales_engine/app/controllers/api/v1/merchants/most_revenue_controller.rb": [
        1,
        1,
        2,
        null,
        null,
        1,
        null,
        1,
        2,
        null,
        null
      ],
      "/Users/aaronschreck/turing/3mod/projects/rales_engine/app/controllers/application_controller.rb": [
        1,
        null
      ],
      "/Users/aaronschreck/turing/3mod/projects/rales_engine/app/serializers/merchant_serializer.rb": [
        1,
        1,
        null
      ],
      "/Users/aaronschreck/turing/3mod/projects/rales_engine/app/controllers/api/v1/merchants/most_items_controller.rb": [
        1,
        1,
        2,
        null,
        null,
        1,
        null,
        1,
        2,
        null,
        null
      ],
      "/Users/aaronschreck/turing/3mod/projects/rales_engine/app/controllers/api/v1/merchants/favorite_customer_controller.rb": [
        1,
        1,
        null,
        2,
        null,
        null,
        1,
        null,
        1,
        2,
        null,
        null
      ],
      "/Users/aaronschreck/turing/3mod/projects/rales_engine/app/serializers/customer_serializer.rb": [
        1,
        1,
        null
      ],
      "/Users/aaronschreck/turing/3mod/projects/rales_engine/app/controllers/api/v1/customers_controller.rb": [
        1,
        1,
        1,
        null,
        null,
        1,
        1,
        null,
        null
      ],
      "/Users/aaronschreck/turing/3mod/projects/rales_engine/app/controllers/api/v1/customers/invoices_controller.rb": [
        1,
        null,
        1,
        1,
        1,
        null,
        null,
        null
      ],
      "/Users/aaronschreck/turing/3mod/projects/rales_engine/app/serializers/invoice_serializer.rb": [
        1,
        1,
        null
      ],
      "/Users/aaronschreck/turing/3mod/projects/rales_engine/app/controllers/api/v1/customers/transactions_controller.rb": [
        1,
        null,
        1,
        1,
        1,
        null,
        null,
        null
      ],
      "/Users/aaronschreck/turing/3mod/projects/rales_engine/app/serializers/transaction_serializer.rb": [
        1,
        1,
        null
      ],
      "/Users/aaronschreck/turing/3mod/projects/rales_engine/app/controllers/api/v1/invoice_items_controller.rb": [
        1,
        null,
        1,
        1,
        null,
        null,
        1,
        1,
        null,
        null
      ],
      "/Users/aaronschreck/turing/3mod/projects/rales_engine/app/serializers/invoice_item_serializer.rb": [
        1,
        1,
        null,
        1,
        14,
        null,
        null
      ],
      "/Users/aaronschreck/turing/3mod/projects/rales_engine/app/controllers/api/v1/invoice_items/invoices_controller.rb": [
        1,
        null,
        1,
        1,
        1,
        null,
        null,
        null
      ],
      "/Users/aaronschreck/turing/3mod/projects/rales_engine/app/controllers/api/v1/invoice_items/items_controller.rb": [
        1,
        null,
        1,
        1,
        1,
        null,
        null,
        null
      ],
      "/Users/aaronschreck/turing/3mod/projects/rales_engine/app/serializers/item_serializer.rb": [
        1,
        1,
        null,
        1,
        11,
        null,
        null,
        null
      ],
      "/Users/aaronschreck/turing/3mod/projects/rales_engine/app/controllers/api/v1/invoices_controller.rb": [
        1,
        null,
        1,
        1,
        1,
        null,
        null,
        1,
        1,
        null,
        null
      ],
      "/Users/aaronschreck/turing/3mod/projects/rales_engine/app/controllers/api/v1/invoices/transactions_controller.rb": [
        1,
        null,
        1,
        1,
        1,
        null,
        null
      ],
      "/Users/aaronschreck/turing/3mod/projects/rales_engine/app/controllers/api/v1/invoices/invoice_items_controller.rb": [
        1,
        null,
        1,
        1,
        1,
        null,
        null,
        null
      ],
      "/Users/aaronschreck/turing/3mod/projects/rales_engine/app/controllers/api/v1/invoices/items_controller.rb": [
        1,
        null,
        1,
        1,
        1,
        null,
        null,
        null
      ],
      "/Users/aaronschreck/turing/3mod/projects/rales_engine/app/controllers/api/v1/invoices/customers_controller.rb": [
        1,
        1,
        1,
        1,
        null,
        null
      ],
      "/Users/aaronschreck/turing/3mod/projects/rales_engine/app/controllers/api/v1/invoices/merchants_controller.rb": [
        1,
        null,
        1,
        1,
        1,
        null,
        null,
        null
      ],
      "/Users/aaronschreck/turing/3mod/projects/rales_engine/app/controllers/api/v1/items_controller.rb": [
        1,
        null,
        1,
        1,
        null,
        null,
        1,
        1,
        null,
        null
      ],
      "/Users/aaronschreck/turing/3mod/projects/rales_engine/app/controllers/api/v1/items/invoice_items_controller.rb": [
        1,
        1,
        1,
        1,
        null,
        null
      ],
      "/Users/aaronschreck/turing/3mod/projects/rales_engine/app/controllers/api/v1/items/merchants_controller.rb": [
        1,
        1,
        1,
        1,
        null,
        null
      ],
      "/Users/aaronschreck/turing/3mod/projects/rales_engine/app/controllers/api/v1/items/find_controller.rb": [
        1,
        1,
        null,
        1,
        null,
        null,
        1,
        null,
        1,
        1,
        1,
        null,
        null
      ],
      "/Users/aaronschreck/turing/3mod/projects/rales_engine/app/controllers/api/v1/items/find_all_controller.rb": [
        1,
        1,
        1,
        null,
        null,
        1,
        null,
        1,
        1,
        1,
        null,
        null
      ],
      "/Users/aaronschreck/turing/3mod/projects/rales_engine/app/controllers/api/v1/merchants_controller.rb": [
        1,
        1,
        1,
        null,
        null,
        1,
        1,
        null,
        null
      ],
      "/Users/aaronschreck/turing/3mod/projects/rales_engine/app/controllers/api/v1/merchants/find_controller.rb": [
        1,
        1,
        2,
        null,
        null,
        1,
        null,
        1,
        2,
        null,
        null
      ],
      "/Users/aaronschreck/turing/3mod/projects/rales_engine/app/controllers/api/v1/merchants/find_all_controller.rb": [
        1,
        1,
        2,
        null,
        null,
        1,
        null,
        1,
        2,
        null,
        null
      ],
      "/Users/aaronschreck/turing/3mod/projects/rales_engine/app/controllers/api/v1/merchants/items_controller.rb": [
        1,
        1,
        1,
        1,
        null,
        null
      ],
      "/Users/aaronschreck/turing/3mod/projects/rales_engine/app/controllers/api/v1/transactions_controller.rb": [
        1,
        1,
        1,
        null,
        null,
        1,
        1,
        null,
        null
      ],
      "/Users/aaronschreck/turing/3mod/projects/rales_engine/app/controllers/api/v1/transactions/invoice_controller.rb": [
        1,
        1,
        1,
        1,
        null,
        null,
        1,
        null,
        1,
        1,
        null,
        null
      ],
      "/Users/aaronschreck/turing/3mod/projects/rales_engine/app/controllers/api/v1/transactions/find_controller.rb": [
        1,
        1,
        1,
        null,
        null,
        1,
        null,
        1,
        1,
        null,
        null
      ],
      "/Users/aaronschreck/turing/3mod/projects/rales_engine/app/controllers/api/v1/transactions/find_all_controller.rb": [
        1,
        1,
        1,
        null,
        null,
        1,
        null,
        1,
        1,
        null,
        null
      ],
      "/Users/aaronschreck/turing/3mod/projects/rales_engine/app/mailers/application_mailer.rb": [
        0,
        0,
        0,
        0
      ],
      "/Users/aaronschreck/turing/3mod/projects/rales_engine/app/jobs/application_job.rb": [
        0,
        0
      ],
      "/Users/aaronschreck/turing/3mod/projects/rales_engine/app/controllers/api/v1/customers/find_controller.rb": [
        0,
        0,
        0,
        0,
        null,
        0,
        null,
        0,
        0,
        0,
        0
      ],
      "/Users/aaronschreck/turing/3mod/projects/rales_engine/app/controllers/api/v1/customers/favorite_merchant_controller.rb": [
        0,
        null,
        0,
        0,
        0,
        null,
        0,
        null,
        0,
        0,
        0,
        0
      ],
      "/Users/aaronschreck/turing/3mod/projects/rales_engine/app/controllers/api/v1/customers/find_all_controller.rb": [
        0,
        0,
        0,
        0,
        null,
        0,
        null,
        0,
        0,
        0,
        0
      ],
      "/Users/aaronschreck/turing/3mod/projects/rales_engine/app/controllers/api/v1/invoices/find_controller.rb": [
        0,
        0,
        0,
        0,
        null,
        0,
        null,
        0,
        0,
        0,
        0
      ],
      "/Users/aaronschreck/turing/3mod/projects/rales_engine/app/controllers/api/v1/invoices/find_all_controller.rb": [
        0,
        0,
        0,
        0,
        null,
        0,
        null,
        0,
        0,
        0,
        0
      ],
      "/Users/aaronschreck/turing/3mod/projects/rales_engine/app/controllers/api/v1/merchants/invoices_controller.rb": [
        0,
        0,
        0,
        0,
        0,
        0
      ],
      "/Users/aaronschreck/turing/3mod/projects/rales_engine/app/controllers/api/v1/merchants/revenue_controller.rb": [
        0,
        0,
        null,
        0,
        0,
        0,
        0,
        0,
        0,
        0,
        0,
        0,
        null,
        0,
        null,
        0,
        null,
        0,
        0,
        0,
        0,
        0,
        0,
        0,
        0,
        0,
        null,
        null,
        null,
        null,
        null
      ],
      "/Users/aaronschreck/turing/3mod/projects/rales_engine/app/controllers/api/v1/items/best_day_controller.rb": [
        0,
        null,
        0,
        0,
        0,
        null,
        0,
        null,
        0,
        0,
        0,
        null,
        0
      ],
      "/Users/aaronschreck/turing/3mod/projects/rales_engine/app/controllers/api/v1/items/most_items_controller.rb": [
        0,
        null,
        0,
        0,
        0,
        0,
        null,
        0,
        0,
        0,
        0
      ],
      "/Users/aaronschreck/turing/3mod/projects/rales_engine/app/controllers/api/v1/items/most_revenue_controller.rb": [
        0,
        null,
        0,
        0,
        0,
        null,
        0,
        null,
        0,
        0,
        0,
        0
      ],
      "/Users/aaronschreck/turing/3mod/projects/rales_engine/app/controllers/api/v1/invoice_items/find_controller.rb": [
        0,
        0,
        0,
        0,
        null,
        0,
        null,
        0,
        0,
        0,
        0,
        0
      ],
      "/Users/aaronschreck/turing/3mod/projects/rales_engine/app/controllers/api/v1/invoice_items/find_all_controller.rb": [
        0,
        0,
        null,
        0,
        null,
        0,
        null,
        0,
        null,
        0,
        0,
        0,
        0,
        0
      ],
      "/Users/aaronschreck/turing/3mod/projects/rales_engine/app/channels/application_cable/connection.rb": [
        0,
        0,
        0,
        0
      ],
      "/Users/aaronschreck/turing/3mod/projects/rales_engine/app/channels/application_cable/channel.rb": [
        0,
        0,
        0,
        0
      ]
    },
    "timestamp": 1512146130
  }
}
